<?xml version="1.0" encoding="UTF-8"?>
<!-- Generated by org.testng.reporters.JUnitReportReporter -->
<testsuite skipped="0" hostname="LAPTOP-1A24TMUN" name="test01.prod01" tests="1" failures="0" timestamp="25 Apr 2018 05:19:08 GMT" time="4.647" errors="0">
  <testcase name="testGooglePageTitleInIEBrowser" time="4.647" classname="test01.prod01"/>
</testsuite> <!-- test01.prod01 -->
